Complete. Here's what was built:

**13 node.json files** — all valid JSON:

| URI | Type | Description |
|-----|------|-------------|
| `git` | ecosystem | Root — git object model, three areas, refs |
| `git/commit` | skill | Stage, commit, conventional commits, amend, signing |
| `git/branch` | skill | Create, switch, delete, rename, tracking, naming conventions |
| `git/merge` | skill | Fast-forward, three-way, squash, conflict resolution, abort |
| `git/rebase` | skill | Interactive rebase, squash, fixup, autosquash, golden rule |
| `git/stash` | skill | Push, pop, apply, selective stash, stash branch |
| `git/log` | skill | Filtering, graph, blame, bisect, custom formatting |
| `git/diff` | skill | Three-way comparison, branch diff, patch generation |
| `git/remote` | skill | Clone, fetch, pull, push, force-with-lease, fork workflow |
| `git/worktree` | skill | Parallel checkouts, hotfix workflow, agent parallelism |
| `git/config` | context | Identity, aliases, credentials, SSH, gitignore, signing |
| `git/hooks` | context | Pre-commit, husky, lint-staged, commit-msg validation |
| `git/troubleshooting` | context | Reflog, reset, revert, cherry-pick, detached HEAD, recovery |

**9 SKILL.md files** with YAML frontmatter, workflows, commands, and safety rules.

**9 executable bash scripts** — real tools, not placeholders.

Every node has rich `body`, `sections`, `aliases`, `triggers`, `tags`, `links`, `related`, `schema`, and `more` fields. Cross-linked with `[[uri]]` wiki-links throughout.
